This is XeTeX, Version 3.14159265-2.6-0.99999 (MiKTeX 2.9.6930 64-bit) (preloaded format=xelatex 2019.2.1)  4 MAY 2019 13:32
entering extended mode
**./acknowledgement.tex
(acknowledgement.tex
LaTeX2e <2018-12-01>
! Undefined control sequence.
l.4 {\nastaliq
              
The control sequence at the end of the top line
of your error message was never \def'ed. If you have
misspelled it (e.g., `\hobx'), type `I' and the correct
spelling (e.g., `I\hbox'). Otherwise just continue,
and I'll forget about whatever was undefined.


! LaTeX Error: Missing \begin{document}.

See the LaTeX manual or LaTeX Companion for explanation.
Type  H <return>  for immediate help.
 ...                                              
                                                  
l.5 س
     پاس‌گزاری
You're in trouble here.  Try typing  <return>  to proceed.
If that doesn't work, type  X <return>  to quit.

Missing character: There is no س in font nullfont!
Missing character: There is no پ in font nullfont!
Missing character: There is no ا in font nullfont!
Missing character: There is no س in font nullfont!
Missing character: There is no ‌ in font nullfont!
Missing character: There is no گ in font nullfont!
Missing character: There is no ز in font nullfont!
Missing character: There is no ا in font nullfont!
Missing character: There is no ر in font nullfont!
Missing character: There is no ی in font nullfont!

Overfull \hbox (20.0pt too wide) in paragraph at lines 5--8
[]
 []


! LaTeX Error: Missing \begin{document}.

See the LaTeX manual or LaTeX Companion for explanation.
Type  H <return>  for immediate help.
 ...                                              
                                                  
l.9  ن
      ويسنده پايان‌نامه می‌تواند مراتب امتنان خود را نسبت به استاد راهنما و ...

You're in trouble here.  Try typing  <return>  to proceed.
If that doesn't work, type  X <return>  to quit.

Missing character: There is no ن in font nullfont!
Missing character: There is no و in font nullfont!
Missing character: There is no ي in font nullfont!
Missing character: There is no س in font nullfont!
Missing character: There is no ن in font nullfont!
Missing character: There is no د in font nullfont!
Missing character: There is no ه in font nullfont!
Missing character: There is no پ in font nullfont!
Missing character: There is no ا in font nullfont!
Missing character: There is no ي in font nullfont!
Missing character: There is no ا in font nullfont!
Missing character: There is no ن in font nullfont!
Missing character: There is no ‌ in font nullfont!
Missing character: There is no ن in font nullfont!
Missing character: There is no ا in font nullfont!
Missing character: There is no م in font nullfont!
Missing character: There is no ه in font nullfont!
Missing character: There is no م in font nullfont!
Missing character: There is no ی in font nullfont!
Missing character: There is no ‌ in font nullfont!
Missing character: There is no ت in font nullfont!
Missing character: There is no و in font nullfont!
Missing character: There is no ا in font nullfont!
Missing character: There is no ن in font nullfont!
Missing character: There is no د in font nullfont!
Missing character: There is no م in font nullfont!
Missing character: There is no ر in font nullfont!
Missing character: There is no ا in font nullfont!
Missing character: There is no ت in font nullfont!
Missing character: There is no ب in font nullfont!
Missing character: There is no ا in font nullfont!
Missing character: There is no م in font nullfont!
Missing character: There is no ت in font nullfont!
Missing character: There is no ن in font nullfont!
Missing character: There is no ا in font nullfont!
Missing character: There is no ن in font nullfont!
Missing character: There is no خ in font nullfont!
Missing character: There is no و in font nullfont!
Missing character: There is no د in font nullfont!
Missing character: There is no ر in font nullfont!
Missing character: There is no ا in font nullfont!
Missing character: There is no ن in font nullfont!
Missing character: There is no س in font nullfont!
Missing character: There is no ب in font nullfont!
Missing character: There is no ت in font nullfont!
Missing character: There is no ب in font nullfont!
Missing character: There is no ه in font nullfont!
Missing character: There is no ا in font nullfont!
Missing character: There is no س in font nullfont!
Missing character: There is no ت in font nullfont!
Missing character: There is no ا in font nullfont!
Missing character: There is no د in font nullfont!
Missing character: There is no ر in font nullfont!
Missing character: There is no ا in font nullfont!
Missing character: There is no ه in font nullfont!
Missing character: There is no ن in font nullfont!
Missing character: There is no م in font nullfont!
Missing character: There is no ا in font nullfont!
Missing character: There is no و in font nullfont!
Missing character: There is no ا in font nullfont!
Missing character: There is no س in font nullfont!
Missing character: There is no ت in font nullfont!
Missing character: There is no ا in font nullfont!
Missing character: There is no د in font nullfont!
Missing character: There is no م in font nullfont!
Missing character: There is no ش in font nullfont!
Missing character: There is no ا in font nullfont!
Missing character: There is no و in font nullfont!
Missing character: There is no ر in font nullfont!
Missing character: There is no و in font nullfont!
Missing character: There is no ی in font nullfont!
Missing character: There is no ا in font nullfont!
Missing character: There is no د in font nullfont!
Missing character: There is no ي in font nullfont!
Missing character: There is no گ in font nullfont!
Missing character: There is no ر in font nullfont!
Missing character: There is no ا in font nullfont!
Missing character: There is no ف in font nullfont!
Missing character: There is no ر in font nullfont!
Missing character: There is no ا in font nullfont!
Missing character: There is no د in font nullfont!
Missing character: There is no ي in font nullfont!
Missing character: There is no ك in font nullfont!
Missing character: There is no ه in font nullfont!
Missing character: There is no ط in font nullfont!
Missing character: There is no ي in font nullfont!
Missing character: There is no ا in font nullfont!
Missing character: There is no ن in font nullfont!
Missing character: There is no ج in font nullfont!
Missing character: There is no ا in font nullfont!
Missing character: There is no م in font nullfont!
Missing character: There is no پ in font nullfont!
Missing character: There is no ا in font nullfont!
Missing character: There is no ي in font nullfont!
Missing character: There is no ا in font nullfont!
Missing character: There is no ن in font nullfont!
Missing character: There is no ‌ in font nullfont!
Missing character: There is no ن in font nullfont!
Missing character: There is no ا in font nullfont!
Missing character: There is no م in font nullfont!
Missing character: There is no ه in font nullfont!
Missing character: There is no ب in font nullfont!
Missing character: There is no ه in font nullfont!
Missing character: There is no ن in font nullfont!
Missing character: There is no ح in font nullfont!
Missing character: There is no و in font nullfont!
Missing character: There is no ي in font nullfont!
Missing character: There is no ا in font nullfont!
Missing character: There is no و in font nullfont!
Missing character: There is no ر in font nullfont!
Missing character: There is no ا in font nullfont!
Missing character: There is no ی in font nullfont!
Missing character: There is no ا in font nullfont!
Missing character: There is no ر in font nullfont!
Missing character: There is no ی in font nullfont!
Missing character: There is no و in font nullfont!
Missing character: There is no ی in font nullfont!
Missing character: There is no ا in font nullfont!
Missing character: There is no ب in font nullfont!
Missing character: There is no ا in font nullfont!
Missing character: There is no ا in font nullfont!
Missing character: There is no و in font nullfont!
Missing character: There is no ه in font nullfont!
Missing character: There is no م in font nullfont!
Missing character: There is no ك in font nullfont!
Missing character: There is no ا in font nullfont!
Missing character: There is no ر in font nullfont!
Missing character: There is no ی in font nullfont!
Missing character: There is no ن in font nullfont!
Missing character: There is no م in font nullfont!
Missing character: There is no و in font nullfont!
Missing character: There is no د in font nullfont!
Missing character: There is no ه in font nullfont!
Missing character: There is no ‌ in font nullfont!
Missing character: There is no ا in font nullfont!
Missing character: There is no ن in font nullfont!
Missing character: There is no د in font nullfont!
Missing character: There is no ا in font nullfont!
Missing character: There is no ب in font nullfont!
Missing character: There is no ر in font nullfont!
Missing character: There is no ا in font nullfont!
Missing character: There is no ز in font nullfont!
Missing character: There is no د in font nullfont!
Missing character: There is no ا in font nullfont!
Missing character: There is no ر in font nullfont!
Missing character: There is no د in font nullfont!
Missing character: There is no . in font nullfont!

Overfull \hbox (20.0pt too wide) in paragraph at lines 9--10
[]
 []

! Undefined control sequence.
l.25 \signature
               
The control sequence at the end of the top line
of your error message was never \def'ed. If you have
misspelled it (e.g., `\hobx'), type `I' and the correct
spelling (e.g., `I\hbox'). Otherwise just continue,
and I'll forget about whatever was undefined.


! LaTeX Error: The font size command \normalsize is not defined:
               there is probably something wrong with the class file.

See the LaTeX manual or LaTeX Companion for explanation.
Type  H <return>  for immediate help.
 ...                                              
                                                  
l.36 \newpage
             \clearpage
Your command was ignored.
Type  I <command> <return>  to replace it with another command,
or  <return>  to continue without it.

[1]
! Undefined control sequence.
<argument> \undefinedpagestyle 
                               
l.38 \pagestyle{style2}
                       
The control sequence at the end of the top line
of your error message was never \def'ed. If you have
misspelled it (e.g., `\hobx'), type `I' and the correct
spelling (e.g., `I\hbox'). Otherwise just continue,
and I'll forget about whatever was undefined.

! Undefined control sequence.
l.41 \section
             *{\centering چکیده}
The control sequence at the end of the top line
of your error message was never \def'ed. If you have
misspelled it (e.g., `\hobx'), type `I' and the correct
spelling (e.g., `I\hbox'). Otherwise just continue,
and I'll forget about whatever was undefined.


! LaTeX Error: Missing \begin{document}.

See the LaTeX manual or LaTeX Companion for explanation.
Type  H <return>  for immediate help.
 ...                                              
                                                  
l.41 \section*
              {\centering چکیده}
You're in trouble here.  Try typing  <return>  to proceed.
If that doesn't work, type  X <return>  to quit.

Missing character: There is no * in font nullfont!
Missing character: There is no چ in font nullfont!
Missing character: There is no ک in font nullfont!
Missing character: There is no ی in font nullfont!
Missing character: There is no د in font nullfont!
Missing character: There is no ه in font nullfont!
! Undefined control sequence.
l.44 \ffa
         -abstract
The control sequence at the end of the top line
of your error message was never \def'ed. If you have
misspelled it (e.g., `\hobx'), type `I' and the correct
spelling (e.g., `I\hbox'). Otherwise just continue,
and I'll forget about whatever was undefined.

Missing character: There is no - in font nullfont!
Missing character: There is no a in font nullfont!
Missing character: There is no b in font nullfont!
Missing character: There is no s in font nullfont!
Missing character: There is no t in font nullfont!
Missing character: There is no r in font nullfont!
Missing character: There is no a in font nullfont!
Missing character: There is no c in font nullfont!
Missing character: There is no t in font nullfont!

Overfull \hbox (20.0pt too wide) in paragraph at lines 41--46
[]
 []


! LaTeX Error: Missing \begin{document}.

See the LaTeX manual or LaTeX Companion for explanation.
Type  H <return>  for immediate help.
 ...                                              
                                                  
l.48 {\noindent
               \large\textbf{واژه‌های کلیدی:}}\par
You're in trouble here.  Try typing  <return>  to proceed.
If that doesn't work, type  X <return>  to quit.

! Undefined control sequence.
l.48 {\noindent\large
                     \textbf{واژه‌های کلیدی:}}\par
The control sequence at the end of the top line
of your error message was never \def'ed. If you have
misspelled it (e.g., `\hobx'), type `I' and the correct
spelling (e.g., `I\hbox'). Otherwise just continue,
and I'll forget about whatever was undefined.

Missing character: There is no و in font [lmroman10-bold]:mapping=tex-text;!
Missing character: There is no ا in font [lmroman10-bold]:mapping=tex-text;!
Missing character: There is no ژ in font [lmroman10-bold]:mapping=tex-text;!
Missing character: There is no ه in font [lmroman10-bold]:mapping=tex-text;!
Missing character: There is no ‌ in font [lmroman10-bold]:mapping=tex-text;!
Missing character: There is no ه in font [lmroman10-bold]:mapping=tex-text;!
Missing character: There is no ا in font [lmroman10-bold]:mapping=tex-text;!
Missing character: There is no ی in font [lmroman10-bold]:mapping=tex-text;!
Missing character: There is no ک in font [lmroman10-bold]:mapping=tex-text;!
Missing character: There is no ل in font [lmroman10-bold]:mapping=tex-text;!
Missing character: There is no ی in font [lmroman10-bold]:mapping=tex-text;!
Missing character: There is no د in font [lmroman10-bold]:mapping=tex-text;!
Missing character: There is no ی in font [lmroman10-bold]:mapping=tex-text;!

Overfull \hbox (19.6pt too wide) in paragraph at lines 48--48
\TU/lmr/bx/n/10 واژه‌های
 []


Overfull \hbox (17.19pt too wide) in paragraph at lines 48--48
\TU/lmr/bx/n/10 کلیدی: 
 []

! Undefined control sequence.
l.50 \fkeywords
               
The control sequence at the end of the top line
of your error message was never \def'ed. If you have
misspelled it (e.g., `\hobx'), type `I' and the correct
spelling (e.g., `I\hbox'). Otherwise just continue,
and I'll forget about whatever was undefined.

)
! Emergency stop.
<*> ./acknowledgement.tex
                         
*** (job aborted, no legal \end found)

 
Here is how much of TeX's memory you used:
 13 strings out of 427748
 281 string characters out of 3147202
 63491 words of memory out of 3000000
 4143 multiletter control sequences out of 15000+200000
 3656 words of font info for 16 fonts, out of 3000000 for 9000
 1328 hyphenation exceptions out of 8191
 18i,4n,11p,206b,116s stack positions out of 5000i,500n,10000p,200000b,50000s
Output written on acknowledgement.pdf (1 page).
