This is pdfTeX, Version 3.14159265-2.6-1.40.19 (MiKTeX 2.9.6930 64-bit) (preloaded format=pdflatex 2019.1.31)  1 MAY 2019 13:00
entering extended mode
**./fa_title.tex
(fa_title.tex
LaTeX2e <2018-12-01>
! Undefined control sequence.
l.8 \department
               {Ù…Ø¹Ù…Ø§Ø±ÛŒ Ø³ÛŒØ³ØªÙ… Ù‡Ø§ÛŒ Ú©Ø§Ù…ÛŒÙˆØªØ±ÛŒ}
The control sequence at the end of the top line
of your error message was never \def'ed. If you have
misspelled it (e.g., `\hobx'), type `I' and the correct
spelling (e.g., `I\hbox'). Otherwise just continue,
and I'll forget about whatever was undefined.


! Package inputenc Error: Unicode character Ù… (U+0645)
(inputenc)                not set up for use with LaTeX.

See the inputenc package documentation for explanation.
Type  H <return>  for immediate help.
 ...                                              
                                                  
l.8 \department{Ù…
                  Ø¹Ù…Ø§Ø±ÛŒ Ø³ÛŒØ³ØªÙ… Ù‡Ø§ÛŒ Ú©Ø§Ù…ÛŒÙˆØªØ±ÛŒ}
You may provide a definition with
\DeclareUnicodeCharacter 


! Package inputenc Error: Unicode character Ø¹ (U+0639)
(inputenc)                not set up for use with LaTeX.

See the inputenc package documentation for explanation.
Type  H <return>  for immediate help.
 ...                                              
                                                  
l.8 \department{Ù…Ø¹
                    Ù…Ø§Ø±ÛŒ Ø³ÛŒØ³ØªÙ… Ù‡Ø§ÛŒ Ú©Ø§Ù…ÛŒÙˆØªØ±ÛŒ}
You may provide a definition with
\DeclareUnicodeCharacter 


! Package inputenc Error: Unicode character Ù… (U+0645)
(inputenc)                not set up for use with LaTeX.

See the inputenc package documentation for explanation.
Type  H <return>  for immediate help.
 ...                                              
                                                  
l.8 \department{Ù…Ø¹Ù…
                      Ø§Ø±ÛŒ Ø³ÛŒØ³ØªÙ… Ù‡Ø§ÛŒ Ú©Ø§Ù…ÛŒÙˆØªØ±ÛŒ}
You may provide a definition with
\DeclareUnicodeCharacter 


! Package inputenc Error: Unicode character Ø§ (U+0627)
(inputenc)                not set up for use with LaTeX.

See the inputenc package documentation for explanation.
Type  H <return>  for immediate help.
 ...                                              
                                                  
l.8 \department{Ù…Ø¹Ù…Ø§
                        Ø±ÛŒ Ø³ÛŒØ³ØªÙ… Ù‡Ø§ÛŒ Ú©Ø§Ù…ÛŒÙˆØªØ±ÛŒ}
You may provide a definition with
\DeclareUnicodeCharacter 


! Package inputenc Error: Unicode character Ø± (U+0631)
(inputenc)                not set up for use with LaTeX.

See the inputenc package documentation for explanation.
Type  H <return>  for immediate help.
 ...                                              
                                                  
l.8 \department{Ù…Ø¹Ù…Ø§Ø±
                          ÛŒ Ø³ÛŒØ³ØªÙ… Ù‡Ø§ÛŒ Ú©Ø§Ù…ÛŒÙˆØªØ±ÛŒ}
You may provide a definition with
\DeclareUnicodeCharacter 


! Package inputenc Error: Unicode character ÛŒ (U+06CC)
(inputenc)                not set up for use with LaTeX.

See the inputenc package documentation for explanation.
Type  H <return>  for immediate help.
 ...                                              
                                                  
l.8 \department{Ù…Ø¹Ù…Ø§Ø±ÛŒ
                             Ø³ÛŒØ³ØªÙ… Ù‡Ø§ÛŒ Ú©Ø§Ù…ÛŒÙˆØªØ±ÛŒ}
You may provide a definition with
\DeclareUnicodeCharacter 


! Package inputenc Error: Unicode character Ø³ (U+0633)
(inputenc)                not set up for use with LaTeX.

See the inputenc package documentation for explanation.
Type  H <return>  for immediate help.
 ...                                              
                                                  
l.8 \department{Ù…Ø¹Ù…Ø§Ø±ÛŒ Ø³
                               ÛŒØ³ØªÙ… Ù‡Ø§ÛŒ Ú©Ø§Ù…ÛŒÙˆØªØ±ÛŒ}
You may provide a definition with
\DeclareUnicodeCharacter 


! Package inputenc Error: Unicode character ÛŒ (U+06CC)
(inputenc)                not set up for use with LaTeX.

See the inputenc package documentation for explanation.
Type  H <return>  for immediate help.
 ...                                              
                                                  
l.8 \department{Ù…Ø¹Ù…Ø§Ø±ÛŒ Ø³ÛŒ
                                 Ø³ØªÙ… Ù‡Ø§ÛŒ Ú©Ø§Ù…ÛŒÙˆØªØ±ÛŒ}
You may provide a definition with
\DeclareUnicodeCharacter 


! Package inputenc Error: Unicode character Ø³ (U+0633)
(inputenc)                not set up for use with LaTeX.

See the inputenc package documentation for explanation.
Type  H <return>  for immediate help.
 ...                                              
                                                  
l.8 \department{Ù…Ø¹Ù…Ø§Ø±ÛŒ Ø³ÛŒØ³
                                   ØªÙ… Ù‡Ø§ÛŒ Ú©Ø§Ù…ÛŒÙˆØªØ±ÛŒ}
You may provide a definition with
\DeclareUnicodeCharacter 


! Package inputenc Error: Unicode character Øª (U+062A)
(inputenc)                not set up for use with LaTeX.

See the inputenc package documentation for explanation.
Type  H <return>  for immediate help.
 ...                                              
                                                  
l.8 \department{Ù…Ø¹Ù…Ø§Ø±ÛŒ Ø³ÛŒØ³Øª
                                     Ù… Ù‡Ø§ÛŒ Ú©Ø§Ù…ÛŒÙˆØªØ±ÛŒ}
You may provide a definition with
\DeclareUnicodeCharacter 


! Package inputenc Error: Unicode character Ù… (U+0645)
(inputenc)                not set up for use with LaTeX.

See the inputenc package documentation for explanation.
Type  H <return>  for immediate help.
 ...                                              
                                                  
l.8 \department{Ù…Ø¹Ù…Ø§Ø±ÛŒ Ø³ÛŒØ³ØªÙ…
                                        Ù‡Ø§ÛŒ Ú©Ø§Ù…ÛŒÙˆØªØ±ÛŒ}
You may provide a definition with
\DeclareUnicodeCharacter 


! Package inputenc Error: Unicode character Ù‡ (U+0647)
(inputenc)                not set up for use with LaTeX.

See the inputenc package documentation for explanation.
Type  H <return>  for immediate help.
 ...                                              
                                                  
l.8 \department{Ù…Ø¹Ù…Ø§Ø±ÛŒ Ø³ÛŒØ³ØªÙ… Ù‡
                                          Ø§ÛŒ Ú©Ø§Ù…ÛŒÙˆØªØ±ÛŒ}
You may provide a definition with
\DeclareUnicodeCharacter 


! Package inputenc Error: Unicode character Ø§ (U+0627)
(inputenc)                not set up for use with LaTeX.

See the inputenc package documentation for explanation.
Type  H <return>  for immediate help.
 ...                                              
                                                  
l.8 \department{Ù…Ø¹Ù…Ø§Ø±ÛŒ Ø³ÛŒØ³ØªÙ… Ù‡Ø§
                                            ÛŒ Ú©Ø§Ù…ÛŒÙˆØªØ±ÛŒ}
You may provide a definition with
\DeclareUnicodeCharacter 


! Package inputenc Error: Unicode character ÛŒ (U+06CC)
(inputenc)                not set up for use with LaTeX.

See the inputenc package documentation for explanation.
Type  H <return>  for immediate help.
 ...                                              
                                                  
l.8 \department{Ù…Ø¹Ù…Ø§Ø±ÛŒ Ø³ÛŒØ³ØªÙ… Ù‡Ø§ÛŒ
                                               Ú©Ø§Ù…ÛŒÙˆØªØ±ÛŒ}
You may provide a definition with
\DeclareUnicodeCharacter 


! Package inputenc Error: Unicode character Ú© (U+06A9)
(inputenc)                not set up for use with LaTeX.

See the inputenc package documentation for explanation.
Type  H <return>  for immediate help.
 ...                                              
                                                  
l.8 \department{Ù…Ø¹Ù…Ø§Ø±ÛŒ Ø³ÛŒØ³ØªÙ… Ù‡Ø§ÛŒ Ú©
                                                 Ø§Ù…ÛŒÙˆØªØ±ÛŒ}
You may provide a definition with
\DeclareUnicodeCharacter 


! Package inputenc Error: Unicode character Ø§ (U+0627)
(inputenc)                not set up for use with LaTeX.

See the inputenc package documentation for explanation.
Type  H <return>  for immediate help.
 ...                                              
                                                  
l.8 ...artment{Ù…Ø¹Ù…Ø§Ø±ÛŒ Ø³ÛŒØ³ØªÙ… Ù‡Ø§ÛŒ Ú©Ø§
                                                  Ù…ÛŒÙˆØªØ±ÛŒ}
You may provide a definition with
\DeclareUnicodeCharacter 


! Package inputenc Error: Unicode character Ù… (U+0645)
(inputenc)                not set up for use with LaTeX.

See the inputenc package documentation for explanation.
Type  H <return>  for immediate help.
 ...                                              
                                                  
l.8 ...tment{Ù…Ø¹Ù…Ø§Ø±ÛŒ Ø³ÛŒØ³ØªÙ… Ù‡Ø§ÛŒ Ú©Ø§Ù…
                                                  ÛŒÙˆØªØ±ÛŒ}
You may provide a definition with
\DeclareUnicodeCharacter 


! Package inputenc Error: Unicode character ÛŒ (U+06CC)
(inputenc)                not set up for use with LaTeX.

See the inputenc package documentation for explanation.
Type  H <return>  for immediate help.
 ...                                              
                                                  
l.8 ...ent{Ù…Ø¹Ù…Ø§Ø±ÛŒ Ø³ÛŒØ³ØªÙ… Ù‡Ø§ÛŒ Ú©Ø§Ù…ÛŒ
                                                  ÙˆØªØ±ÛŒ}
You may provide a definition with
\DeclareUnicodeCharacter 


! Package inputenc Error: Unicode character Ùˆ (U+0648)
(inputenc)                not set up for use with LaTeX.

See the inputenc package documentation for explanation.
Type  H <return>  for immediate help.
 ...                                              
                                                  
l.8 ...t{Ù…Ø¹Ù…Ø§Ø±ÛŒ Ø³ÛŒØ³ØªÙ… Ù‡Ø§ÛŒ Ú©Ø§Ù…ÛŒÙˆ
                                                  ØªØ±ÛŒ}
You may provide a definition with
\DeclareUnicodeCharacter 


! Package inputenc Error: Unicode character Øª (U+062A)
(inputenc)                not set up for use with LaTeX.

See the inputenc package documentation for explanation.
Type  H <return>  for immediate help.
 ...                                              
                                                  
l.8 ...Ù…Ø¹Ù…Ø§Ø±ÛŒ Ø³ÛŒØ³ØªÙ… Ù‡Ø§ÛŒ Ú©Ø§Ù…ÛŒÙˆØª
                                                  Ø±ÛŒ}
You may provide a definition with
\DeclareUnicodeCharacter 


! Package inputenc Error: Unicode character Ø± (U+0631)
(inputenc)                not set up for use with LaTeX.

See the inputenc package documentation for explanation.
Type  H <return>  for immediate help.
 ...                                              
                                                  
l.8 ...Ø¹Ù…Ø§Ø±ÛŒ Ø³ÛŒØ³ØªÙ… Ù‡Ø§ÛŒ Ú©Ø§Ù…ÛŒÙˆØªØ±
                                                  ÛŒ}
You may provide a definition with
\DeclareUnicodeCharacter 


! Package inputenc Error: Unicode character ÛŒ (U+06CC)
(inputenc)                not set up for use with LaTeX.

See the inputenc package documentation for explanation.
Type  H <return>  for immediate help.
 ...                                              
                                                  
l.8 ...Ù…Ø§Ø±ÛŒ Ø³ÛŒØ³ØªÙ… Ù‡Ø§ÛŒ Ú©Ø§Ù…ÛŒÙˆØªØ±ÛŒ
                                                  }
You may provide a definition with
\DeclareUnicodeCharacter 

! Undefined control sequence.
l.10 \fatitle
             {Ø·Ø±Ø§Ø­ÛŒ Ùˆ Ù¾ÛŒØ§Ø¯Ù‡ Ø³Ø§Ø²ÛŒ Ø³Ø§Ù…Ø§Ù†Ù‡ Ø±Ø¯ÛŒØ§Ø¨ÛŒ}
The control sequence at the end of the top line
of your error message was never \def'ed. If you have
misspelled it (e.g., `\hobx'), type `I' and the correct
spelling (e.g., `I\hbox'). Otherwise just continue,
and I'll forget about whatever was undefined.


! Package inputenc Error: Unicode character Ø· (U+0637)
(inputenc)                not set up for use with LaTeX.

See the inputenc package documentation for explanation.
Type  H <return>  for immediate help.
 ...                                              
                                                  
l.10 \fatitle{Ø·
                Ø±Ø§Ø­ÛŒ Ùˆ Ù¾ÛŒØ§Ø¯Ù‡ Ø³Ø§Ø²ÛŒ Ø³Ø§Ù…Ø§Ù†Ù‡ Ø±Ø¯ÛŒØ§Ø¨ÛŒ}
You may provide a definition with
\DeclareUnicodeCharacter 


! Package inputenc Error: Unicode character Ø± (U+0631)
(inputenc)                not set up for use with LaTeX.

See the inputenc package documentation for explanation.
Type  H <return>  for immediate help.
 ...                                              
                                                  
l.10 \fatitle{Ø·Ø±
                  Ø§Ø­ÛŒ Ùˆ Ù¾ÛŒØ§Ø¯Ù‡ Ø³Ø§Ø²ÛŒ Ø³Ø§Ù…Ø§Ù†Ù‡ Ø±Ø¯ÛŒØ§Ø¨ÛŒ}
You may provide a definition with
\DeclareUnicodeCharacter 


! Package inputenc Error: Unicode character Ø§ (U+0627)
(inputenc)                not set up for use with LaTeX.

See the inputenc package documentation for explanation.
Type  H <return>  for immediate help.
 ...                                              
                                                  
l.10 \fatitle{Ø·Ø±Ø§
                    Ø­ÛŒ Ùˆ Ù¾ÛŒØ§Ø¯Ù‡ Ø³Ø§Ø²ÛŒ Ø³Ø§Ù…Ø§Ù†Ù‡ Ø±Ø¯ÛŒØ§Ø¨ÛŒ}
You may provide a definition with
\DeclareUnicodeCharacter 


! Package inputenc Error: Unicode character Ø­ (U+062D)
(inputenc)                not set up for use with LaTeX.

See the inputenc package documentation for explanation.
Type  H <return>  for immediate help.
 ...                                              
                                                  
l.10 \fatitle{Ø·Ø±Ø§Ø­
                      ÛŒ Ùˆ Ù¾ÛŒØ§Ø¯Ù‡ Ø³Ø§Ø²ÛŒ Ø³Ø§Ù…Ø§Ù†Ù‡ Ø±Ø¯ÛŒØ§Ø¨ÛŒ}
You may provide a definition with
\DeclareUnicodeCharacter 


! Package inputenc Error: Unicode character ÛŒ (U+06CC)
(inputenc)                not set up for use with LaTeX.

See the inputenc package documentation for explanation.
Type  H <return>  for immediate help.
 ...                                              
                                                  
l.10 \fatitle{Ø·Ø±Ø§Ø­ÛŒ
                         Ùˆ Ù¾ÛŒØ§Ø¯Ù‡ Ø³Ø§Ø²ÛŒ Ø³Ø§Ù…Ø§Ù†Ù‡ Ø±Ø¯ÛŒØ§Ø¨ÛŒ}
You may provide a definition with
\DeclareUnicodeCharacter 


! Package inputenc Error: Unicode character Ùˆ (U+0648)
(inputenc)                not set up for use with LaTeX.

See the inputenc package documentation for explanation.
Type  H <return>  for immediate help.
 ...                                              
                                                  
l.10 \fatitle{Ø·Ø±Ø§Ø­ÛŒ Ùˆ
                            Ù¾ÛŒØ§Ø¯Ù‡ Ø³Ø§Ø²ÛŒ Ø³Ø§Ù…Ø§Ù†Ù‡ Ø±Ø¯ÛŒØ§Ø¨ÛŒ}
You may provide a definition with
\DeclareUnicodeCharacter 


! Package inputenc Error: Unicode character Ù¾ (U+067E)
(inputenc)                not set up for use with LaTeX.

See the inputenc package documentation for explanation.
Type  H <return>  for immediate help.
 ...                                              
                                                  
l.10 \fatitle{Ø·Ø±Ø§Ø­ÛŒ Ùˆ Ù¾
                              ÛŒØ§Ø¯Ù‡ Ø³Ø§Ø²ÛŒ Ø³Ø§Ù…Ø§Ù†Ù‡ Ø±Ø¯ÛŒØ§Ø¨ÛŒ}
You may provide a definition with
\DeclareUnicodeCharacter 


! Package inputenc Error: Unicode character ÛŒ (U+06CC)
(inputenc)                not set up for use with LaTeX.

See the inputenc package documentation for explanation.
Type  H <return>  for immediate help.
 ...                                              
                                                  
l.10 \fatitle{Ø·Ø±Ø§Ø­ÛŒ Ùˆ Ù¾ÛŒ
                                Ø§Ø¯Ù‡ Ø³Ø§Ø²ÛŒ Ø³Ø§Ù…Ø§Ù†Ù‡ Ø±Ø¯ÛŒØ§Ø¨ÛŒ}
You may provide a definition with
\DeclareUnicodeCharacter 


! Package inputenc Error: Unicode character Ø§ (U+0627)
(inputenc)                not set up for use with LaTeX.

See the inputenc package documentation for explanation.
Type  H <return>  for immediate help.
 ...                                              
                                                  
l.10 \fatitle{Ø·Ø±Ø§Ø­ÛŒ Ùˆ Ù¾ÛŒØ§
                                  Ø¯Ù‡ Ø³Ø§Ø²ÛŒ Ø³Ø§Ù…Ø§Ù†Ù‡ Ø±Ø¯ÛŒØ§Ø¨ÛŒ}
You may provide a definition with
\DeclareUnicodeCharacter 


! Package inputenc Error: Unicode character Ø¯ (U+062F)
(inputenc)                not set up for use with LaTeX.

See the inputenc package documentation for explanation.
Type  H <return>  for immediate help.
 ...                                              
                                                  
l.10 \fatitle{Ø·Ø±Ø§Ø­ÛŒ Ùˆ Ù¾ÛŒØ§Ø¯
                                    Ù‡ Ø³Ø§Ø²ÛŒ Ø³Ø§Ù…Ø§Ù†Ù‡ Ø±Ø¯ÛŒØ§Ø¨ÛŒ}
You may provide a definition with
\DeclareUnicodeCharacter 


! Package inputenc Error: Unicode character Ù‡ (U+0647)
(inputenc)                not set up for use with LaTeX.

See the inputenc package documentation for explanation.
Type  H <return>  for immediate help.
 ...                                              
                                                  
l.10 \fatitle{Ø·Ø±Ø§Ø­ÛŒ Ùˆ Ù¾ÛŒØ§Ø¯Ù‡
                                       Ø³Ø§Ø²ÛŒ Ø³Ø§Ù…Ø§Ù†Ù‡ Ø±Ø¯ÛŒØ§Ø¨ÛŒ}
You may provide a definition with
\DeclareUnicodeCharacter 


! Package inputenc Error: Unicode character Ø³ (U+0633)
(inputenc)                not set up for use with LaTeX.

See the inputenc package documentation for explanation.
Type  H <return>  for immediate help.
 ...                                              
                                                  
l.10 \fatitle{Ø·Ø±Ø§Ø­ÛŒ Ùˆ Ù¾ÛŒØ§Ø¯Ù‡ Ø³
                                         Ø§Ø²ÛŒ Ø³Ø§Ù…Ø§Ù†Ù‡ Ø±Ø¯ÛŒØ§Ø¨ÛŒ}
You may provide a definition with
\DeclareUnicodeCharacter 


! Package inputenc Error: Unicode character Ø§ (U+0627)
(inputenc)                not set up for use with LaTeX.

See the inputenc package documentation for explanation.
Type  H <return>  for immediate help.
 ...                                              
                                                  
l.10 \fatitle{Ø·Ø±Ø§Ø­ÛŒ Ùˆ Ù¾ÛŒØ§Ø¯Ù‡ Ø³Ø§
                                           Ø²ÛŒ Ø³Ø§Ù…Ø§Ù†Ù‡ Ø±Ø¯ÛŒØ§Ø¨ÛŒ}
You may provide a definition with
\DeclareUnicodeCharacter 


! Package inputenc Error: Unicode character Ø² (U+0632)
(inputenc)                not set up for use with LaTeX.

See the inputenc package documentation for explanation.
Type  H <return>  for immediate help.
 ...                                              
                                                  
l.10 \fatitle{Ø·Ø±Ø§Ø­ÛŒ Ùˆ Ù¾ÛŒØ§Ø¯Ù‡ Ø³Ø§Ø²
                                             ÛŒ Ø³Ø§Ù…Ø§Ù†Ù‡ Ø±Ø¯ÛŒØ§Ø¨ÛŒ}
You may provide a definition with
\DeclareUnicodeCharacter 


! Package inputenc Error: Unicode character ÛŒ (U+06CC)
(inputenc)                not set up for use with LaTeX.

See the inputenc package documentation for explanation.
Type  H <return>  for immediate help.
 ...                                              
                                                  
l.10 \fatitle{Ø·Ø±Ø§Ø­ÛŒ Ùˆ Ù¾ÛŒØ§Ø¯Ù‡ Ø³Ø§Ø²ÛŒ
                                                Ø³Ø§Ù…Ø§Ù†Ù‡ Ø±Ø¯ÛŒØ§Ø¨ÛŒ}
You may provide a definition with
\DeclareUnicodeCharacter 


! Package inputenc Error: Unicode character Ø³ (U+0633)
(inputenc)                not set up for use with LaTeX.

See the inputenc package documentation for explanation.
Type  H <return>  for immediate help.
 ...                                              
                                                  
l.10 \fatitle{Ø·Ø±Ø§Ø­ÛŒ Ùˆ Ù¾ÛŒØ§Ø¯Ù‡ Ø³Ø§Ø²ÛŒ Ø³
                                                  Ø§Ù…Ø§Ù†Ù‡ Ø±Ø¯ÛŒØ§Ø¨ÛŒ}
You may provide a definition with
\DeclareUnicodeCharacter 


! Package inputenc Error: Unicode character Ø§ (U+0627)
(inputenc)                not set up for use with LaTeX.

See the inputenc package documentation for explanation.
Type  H <return>  for immediate help.
 ...                                              
                                                  
l.10 ...tle{Ø·Ø±Ø§Ø­ÛŒ Ùˆ Ù¾ÛŒØ§Ø¯Ù‡ Ø³Ø§Ø²ÛŒ Ø³Ø§
                                                  Ù…Ø§Ù†Ù‡ Ø±Ø¯ÛŒØ§Ø¨ÛŒ}
You may provide a definition with
\DeclareUnicodeCharacter 


! Package inputenc Error: Unicode character Ù… (U+0645)
(inputenc)                not set up for use with LaTeX.

See the inputenc package documentation for explanation.
Type  H <return>  for immediate help.
 ...                                              
                                                  
l.10 ...e{Ø·Ø±Ø§Ø­ÛŒ Ùˆ Ù¾ÛŒØ§Ø¯Ù‡ Ø³Ø§Ø²ÛŒ Ø³Ø§Ù…
                                                  Ø§Ù†Ù‡ Ø±Ø¯ÛŒØ§Ø¨ÛŒ}
You may provide a definition with
\DeclareUnicodeCharacter 


! Package inputenc Error: Unicode character Ø§ (U+0627)
(inputenc)                not set up for use with LaTeX.

See the inputenc package documentation for explanation.
Type  H <return>  for immediate help.
 ...                                              
                                                  
l.10 ...Ø·Ø±Ø§Ø­ÛŒ Ùˆ Ù¾ÛŒØ§Ø¯Ù‡ Ø³Ø§Ø²ÛŒ Ø³Ø§Ù…Ø§
                                                  Ù†Ù‡ Ø±Ø¯ÛŒØ§Ø¨ÛŒ}
You may provide a definition with
\DeclareUnicodeCharacter 


! Package inputenc Error: Unicode character Ù† (U+0646)
(inputenc)                not set up for use with LaTeX.

See the inputenc package documentation for explanation.
Type  H <return>  for immediate help.
 ...                                              
                                                  
l.10 ...Ø±Ø§Ø­ÛŒ Ùˆ Ù¾ÛŒØ§Ø¯Ù‡ Ø³Ø§Ø²ÛŒ Ø³Ø§Ù…Ø§Ù†
                                                  Ù‡ Ø±Ø¯ÛŒØ§Ø¨ÛŒ}
You may provide a definition with
\DeclareUnicodeCharacter 


! Package inputenc Error: Unicode character Ù‡ (U+0647)
(inputenc)                not set up for use with LaTeX.

See the inputenc package documentation for explanation.
Type  H <return>  for immediate help.
 ...                                              
                                                  
l.10 ...Ø§Ø­ÛŒ Ùˆ Ù¾ÛŒØ§Ø¯Ù‡ Ø³Ø§Ø²ÛŒ Ø³Ø§Ù…Ø§Ù†Ù‡
                                                   Ø±Ø¯ÛŒØ§Ø¨ÛŒ}
You may provide a definition with
\DeclareUnicodeCharacter 


! Package inputenc Error: Unicode character Ø± (U+0631)
(inputenc)                not set up for use with LaTeX.

See the inputenc package documentation for explanation.
Type  H <return>  for immediate help.
 ...                                              
                                                  
l.10 ...­ÛŒ Ùˆ Ù¾ÛŒØ§Ø¯Ù‡ Ø³Ø§Ø²ÛŒ Ø³Ø§Ù…Ø§Ù†Ù‡ Ø±
                                                  Ø¯ÛŒØ§Ø¨ÛŒ}
You may provide a definition with
\DeclareUnicodeCharacter 


! Package inputenc Error: Unicode character Ø¯ (U+062F)
(inputenc)                not set up for use with LaTeX.

See the inputenc package documentation for explanation.
Type  H <return>  for immediate help.
 ...                                              
                                                  
l.10 ...Œ Ùˆ Ù¾ÛŒØ§Ø¯Ù‡ Ø³Ø§Ø²ÛŒ Ø³Ø§Ù…Ø§Ù†Ù‡ Ø±Ø¯
                                                  ÛŒØ§Ø¨ÛŒ}
You may provide a definition with
\DeclareUnicodeCharacter 


! Package inputenc Error: Unicode character ÛŒ (U+06CC)
(inputenc)                not set up for use with LaTeX.

See the inputenc package documentation for explanation.
Type  H <return>  for immediate help.
 ...                                              
                                                  
l.10 ...Ùˆ Ù¾ÛŒØ§Ø¯Ù‡ Ø³Ø§Ø²ÛŒ Ø³Ø§Ù…Ø§Ù†Ù‡ Ø±Ø¯ÛŒ
                                                  Ø§Ø¨ÛŒ}
You may provide a definition with
\DeclareUnicodeCharacter 


! Package inputenc Error: Unicode character Ø§ (U+0627)
(inputenc)                not set up for use with LaTeX.

See the inputenc package documentation for explanation.
Type  H <return>  for immediate help.
 ...                                              
                                                  
l.10 ... Ù¾ÛŒØ§Ø¯Ù‡ Ø³Ø§Ø²ÛŒ Ø³Ø§Ù…Ø§Ù†Ù‡ Ø±Ø¯ÛŒØ§
                                                  Ø¨ÛŒ}
You may provide a definition with
\DeclareUnicodeCharacter 


! Package inputenc Error: Unicode character Ø¨ (U+0628)
(inputenc)                not set up for use with LaTeX.

See the inputenc package documentation for explanation.
Type  H <return>  for immediate help.
 ...                                              
                                                  
l.10 ...¾ÛŒØ§Ø¯Ù‡ Ø³Ø§Ø²ÛŒ Ø³Ø§Ù…Ø§Ù†Ù‡ Ø±Ø¯ÛŒØ§Ø¨
                                                  ÛŒ}
You may provide a definition with
\DeclareUnicodeCharacter 


! Package inputenc Error: Unicode character ÛŒ (U+06CC)
(inputenc)                not set up for use with LaTeX.

See the inputenc package documentation for explanation.
Type  H <return>  for immediate help.
 ...                                              
                                                  
l.10 ...ŒØ§Ø¯Ù‡ Ø³Ø§Ø²ÛŒ Ø³Ø§Ù…Ø§Ù†Ù‡ Ø±Ø¯ÛŒØ§Ø¨ÛŒ
                                                  }
You may provide a definition with
\DeclareUnicodeCharacter 


! LaTeX Error: There's no line here to end.

See the LaTeX manual or LaTeX Companion for explanation.
Type  H <return>  for immediate help.
 ...                                              
                                                  
l.11 \\[.75 cm]
               
Your command was ignored.
Type  I <command> <return>  to replace it with another command,
or  <return>  to continue without it.

! Undefined control sequence.
l.14 \firstsupervisor
                     {Ù†Ø§Ù… Ú©Ø§Ù…Ù„ Ø§Ø³ØªØ§Ø¯ Ø±Ø§Ù‡Ù†Ù…Ø§}
The control sequence at the end of the top line
of your error message was never \def'ed. If you have
misspelled it (e.g., `\hobx'), type `I' and the correct
spelling (e.g., `I\hbox'). Otherwise just continue,
and I'll forget about whatever was undefined.


! Package inputenc Error: Unicode character Ù† (U+0646)
(inputenc)                not set up for use with LaTeX.

See the inputenc package documentation for explanation.
Type  H <return>  for immediate help.
 ...                                              
                                                  
l.14 \firstsupervisor{Ù†
                        Ø§Ù… Ú©Ø§Ù…Ù„ Ø§Ø³ØªØ§Ø¯ Ø±Ø§Ù‡Ù†Ù…Ø§}
You may provide a definition with
\DeclareUnicodeCharacter 


! Package inputenc Error: Unicode character Ø§ (U+0627)
(inputenc)                not set up for use with LaTeX.

See the inputenc package documentation for explanation.
Type  H <return>  for immediate help.
 ...                                              
                                                  
l.14 \firstsupervisor{Ù†Ø§
                          Ù… Ú©Ø§Ù…Ù„ Ø§Ø³ØªØ§Ø¯ Ø±Ø§Ù‡Ù†Ù…Ø§}
You may provide a definition with
\DeclareUnicodeCharacter 


! Package inputenc Error: Unicode character Ù… (U+0645)
(inputenc)                not set up for use with LaTeX.

See the inputenc package documentation for explanation.
Type  H <return>  for immediate help.
 ...                                              
                                                  
l.14 \firstsupervisor{Ù†Ø§Ù…
                             Ú©Ø§Ù…Ù„ Ø§Ø³ØªØ§Ø¯ Ø±Ø§Ù‡Ù†Ù…Ø§}
You may provide a definition with
\DeclareUnicodeCharacter 


! Package inputenc Error: Unicode character Ú© (U+06A9)
(inputenc)                not set up for use with LaTeX.

See the inputenc package documentation for explanation.
Type  H <return>  for immediate help.
 ...                                              
                                                  
l.14 \firstsupervisor{Ù†Ø§Ù… Ú©
                               Ø§Ù…Ù„ Ø§Ø³ØªØ§Ø¯ Ø±Ø§Ù‡Ù†Ù…Ø§}
You may provide a definition with
\DeclareUnicodeCharacter 


! Package inputenc Error: Unicode character Ø§ (U+0627)
(inputenc)                not set up for use with LaTeX.

See the inputenc package documentation for explanation.
Type  H <return>  for immediate help.
 ...                                              
                                                  
l.14 \firstsupervisor{Ù†Ø§Ù… Ú©Ø§
                                 Ù…Ù„ Ø§Ø³ØªØ§Ø¯ Ø±Ø§Ù‡Ù†Ù…Ø§}
You may provide a definition with
\DeclareUnicodeCharacter 


! Package inputenc Error: Unicode character Ù… (U+0645)
(inputenc)                not set up for use with LaTeX.

See the inputenc package documentation for explanation.
Type  H <return>  for immediate help.
 ...                                              
                                                  
l.14 \firstsupervisor{Ù†Ø§Ù… Ú©Ø§Ù…
                                   Ù„ Ø§Ø³ØªØ§Ø¯ Ø±Ø§Ù‡Ù†Ù…Ø§}
You may provide a definition with
\DeclareUnicodeCharacter 


! Package inputenc Error: Unicode character Ù„ (U+0644)
(inputenc)                not set up for use with LaTeX.

See the inputenc package documentation for explanation.
Type  H <return>  for immediate help.
 ...                                              
                                                  
l.14 \firstsupervisor{Ù†Ø§Ù… Ú©Ø§Ù…Ù„
                                      Ø§Ø³ØªØ§Ø¯ Ø±Ø§Ù‡Ù†Ù…Ø§}
You may provide a definition with
\DeclareUnicodeCharacter 


! Package inputenc Error: Unicode character Ø§ (U+0627)
(inputenc)                not set up for use with LaTeX.

See the inputenc package documentation for explanation.
Type  H <return>  for immediate help.
 ...                                              
                                                  
l.14 \firstsupervisor{Ù†Ø§Ù… Ú©Ø§Ù…Ù„ Ø§
                                        Ø³ØªØ§Ø¯ Ø±Ø§Ù‡Ù†Ù…Ø§}
You may provide a definition with
\DeclareUnicodeCharacter 


! Package inputenc Error: Unicode character Ø³ (U+0633)
(inputenc)                not set up for use with LaTeX.

See the inputenc package documentation for explanation.
Type  H <return>  for immediate help.
 ...                                              
                                                  
l.14 \firstsupervisor{Ù†Ø§Ù… Ú©Ø§Ù…Ù„ Ø§Ø³
                                          ØªØ§Ø¯ Ø±Ø§Ù‡Ù†Ù…Ø§}
You may provide a definition with
\DeclareUnicodeCharacter 


! Package inputenc Error: Unicode character Øª (U+062A)
(inputenc)                not set up for use with LaTeX.

See the inputenc package documentation for explanation.
Type  H <return>  for immediate help.
 ...                                              
                                                  
l.14 \firstsupervisor{Ù†Ø§Ù… Ú©Ø§Ù…Ù„ Ø§Ø³Øª
                                            Ø§Ø¯ Ø±Ø§Ù‡Ù†Ù…Ø§}
You may provide a definition with
\DeclareUnicodeCharacter 


! Package inputenc Error: Unicode character Ø§ (U+0627)
(inputenc)                not set up for use with LaTeX.

See the inputenc package documentation for explanation.
Type  H <return>  for immediate help.
 ...                                              
                                                  
l.14 \firstsupervisor{Ù†Ø§Ù… Ú©Ø§Ù…Ù„ Ø§Ø³ØªØ§
                                              Ø¯ Ø±Ø§Ù‡Ù†Ù…Ø§}
You may provide a definition with
\DeclareUnicodeCharacter 


! Package inputenc Error: Unicode character Ø¯ (U+062F)
(inputenc)                not set up for use with LaTeX.

See the inputenc package documentation for explanation.
Type  H <return>  for immediate help.
 ...                                              
                                                  
l.14 \firstsupervisor{Ù†Ø§Ù… Ú©Ø§Ù…Ù„ Ø§Ø³ØªØ§Ø¯
                                                 Ø±Ø§Ù‡Ù†Ù…Ø§}
You may provide a definition with
\DeclareUnicodeCharacter 


! Package inputenc Error: Unicode character Ø± (U+0631)
(inputenc)                not set up for use with LaTeX.

See the inputenc package documentation for explanation.
Type  H <return>  for immediate help.
 ...                                              
                                                  
l.14 ...stsupervisor{Ù†Ø§Ù… Ú©Ø§Ù…Ù„ Ø§Ø³ØªØ§Ø¯ Ø±
                                                  Ø§Ù‡Ù†Ù…Ø§}
You may provide a definition with
\DeclareUnicodeCharacter 


! Package inputenc Error: Unicode character Ø§ (U+0627)
(inputenc)                not set up for use with LaTeX.

See the inputenc package documentation for explanation.
Type  H <return>  for immediate help.
 ...                                              
                                                  
l.14 ...supervisor{Ù†Ø§Ù… Ú©Ø§Ù…Ù„ Ø§Ø³ØªØ§Ø¯ Ø±Ø§
                                                  Ù‡Ù†Ù…Ø§}
You may provide a definition with
\DeclareUnicodeCharacter 


! Package inputenc Error: Unicode character Ù‡ (U+0647)
(inputenc)                not set up for use with LaTeX.

See the inputenc package documentation for explanation.
Type  H <return>  for immediate help.
 ...                                              
                                                  
l.14 ...pervisor{Ù†Ø§Ù… Ú©Ø§Ù…Ù„ Ø§Ø³ØªØ§Ø¯ Ø±Ø§Ù‡
                                                  Ù†Ù…Ø§}
You may provide a definition with
\DeclareUnicodeCharacter 


! Package inputenc Error: Unicode character Ù† (U+0646)
(inputenc)                not set up for use with LaTeX.

See the inputenc package documentation for explanation.
Type  H <return>  for immediate help.
 ...                                              
                                                  
l.14 ...rvisor{Ù†Ø§Ù… Ú©Ø§Ù…Ù„ Ø§Ø³ØªØ§Ø¯ Ø±Ø§Ù‡Ù†
                                                  Ù…Ø§}
You may provide a definition with
\DeclareUnicodeCharacter 


! Package inputenc Error: Unicode character Ù… (U+0645)
(inputenc)                not set up for use with LaTeX.

See the inputenc package documentation for explanation.
Type  H <return>  for immediate help.
 ...                                              
                                                  
l.14 ...isor{Ù†Ø§Ù… Ú©Ø§Ù…Ù„ Ø§Ø³ØªØ§Ø¯ Ø±Ø§Ù‡Ù†Ù…
                                                  Ø§}
You may provide a definition with
\DeclareUnicodeCharacter 


! Package inputenc Error: Unicode character Ø§ (U+0627)
(inputenc)                not set up for use with LaTeX.

See the inputenc package documentation for explanation.
Type  H <return>  for immediate help.
 ...                                              
                                                  
l.14 ...or{Ù†Ø§Ù… Ú©Ø§Ù…Ù„ Ø§Ø³ØªØ§Ø¯ Ø±Ø§Ù‡Ù†Ù…Ø§
                                                  }
You may provide a definition with
\DeclareUnicodeCharacter 

! Undefined control sequence.
l.17 \firstadvisor
                  {Ù†Ø§Ù… Ú©Ø§Ù…Ù„ Ø§Ø³ØªØ§Ø¯ Ù…Ø´Ø§ÙˆØ±}
The control sequence at the end of the top line
of your error message was never \def'ed. If you have
misspelled it (e.g., `\hobx'), type `I' and the correct
spelling (e.g., `I\hbox'). Otherwise just continue,
and I'll forget about whatever was undefined.


! Package inputenc Error: Unicode character Ù† (U+0646)
(inputenc)                not set up for use with LaTeX.

See the inputenc package documentation for explanation.
Type  H <return>  for immediate help.
 ...                                              
                                                  
l.17 \firstadvisor{Ù†
                     Ø§Ù… Ú©Ø§Ù…Ù„ Ø§Ø³ØªØ§Ø¯ Ù…Ø´Ø§ÙˆØ±}
You may provide a definition with
\DeclareUnicodeCharacter 


! Package inputenc Error: Unicode character Ø§ (U+0627)
(inputenc)                not set up for use with LaTeX.

See the inputenc package documentation for explanation.
Type  H <return>  for immediate help.
 ...                                              
                                                  
l.17 \firstadvisor{Ù†Ø§
                       Ù… Ú©Ø§Ù…Ù„ Ø§Ø³ØªØ§Ø¯ Ù…Ø´Ø§ÙˆØ±}
You may provide a definition with
\DeclareUnicodeCharacter 


! Package inputenc Error: Unicode character Ù… (U+0645)
(inputenc)                not set up for use with LaTeX.

See the inputenc package documentation for explanation.
Type  H <return>  for immediate help.
 ...                                              
                                                  
l.17 \firstadvisor{Ù†Ø§Ù…
                          Ú©Ø§Ù…Ù„ Ø§Ø³ØªØ§Ø¯ Ù…Ø´Ø§ÙˆØ±}
You may provide a definition with
\DeclareUnicodeCharacter 


! Package inputenc Error: Unicode character Ú© (U+06A9)
(inputenc)                not set up for use with LaTeX.

See the inputenc package documentation for explanation.
Type  H <return>  for immediate help.
 ...                                              
                                                  
l.17 \firstadvisor{Ù†Ø§Ù… Ú©
                            Ø§Ù…Ù„ Ø§Ø³ØªØ§Ø¯ Ù…Ø´Ø§ÙˆØ±}
You may provide a definition with
\DeclareUnicodeCharacter 


! Package inputenc Error: Unicode character Ø§ (U+0627)
(inputenc)                not set up for use with LaTeX.

See the inputenc package documentation for explanation.
Type  H <return>  for immediate help.
 ...                                              
                                                  
l.17 \firstadvisor{Ù†Ø§Ù… Ú©Ø§
                              Ù…Ù„ Ø§Ø³ØªØ§Ø¯ Ù…Ø´Ø§ÙˆØ±}
You may provide a definition with
\DeclareUnicodeCharacter 


! Package inputenc Error: Unicode character Ù… (U+0645)
(inputenc)                not set up for use with LaTeX.

See the inputenc package documentation for explanation.
Type  H <return>  for immediate help.
 ...                                              
                                                  
l.17 \firstadvisor{Ù†Ø§Ù… Ú©Ø§Ù…
                                Ù„ Ø§Ø³ØªØ§Ø¯ Ù…Ø´Ø§ÙˆØ±}
You may provide a definition with
\DeclareUnicodeCharacter 


! Package inputenc Error: Unicode character Ù„ (U+0644)
(inputenc)                not set up for use with LaTeX.

See the inputenc package documentation for explanation.
Type  H <return>  for immediate help.
 ...                                              
                                                  
l.17 \firstadvisor{Ù†Ø§Ù… Ú©Ø§Ù…Ù„
                                   Ø§Ø³ØªØ§Ø¯ Ù…Ø´Ø§ÙˆØ±}
You may provide a definition with
\DeclareUnicodeCharacter 


! Package inputenc Error: Unicode character Ø§ (U+0627)
(inputenc)                not set up for use with LaTeX.

See the inputenc package documentation for explanation.
Type  H <return>  for immediate help.
 ...                                              
                                                  
l.17 \firstadvisor{Ù†Ø§Ù… Ú©Ø§Ù…Ù„ Ø§
                                     Ø³ØªØ§Ø¯ Ù…Ø´Ø§ÙˆØ±}
You may provide a definition with
\DeclareUnicodeCharacter 


! Package inputenc Error: Unicode character Ø³ (U+0633)
(inputenc)                not set up for use with LaTeX.

See the inputenc package documentation for explanation.
Type  H <return>  for immediate help.
 ...                                              
                                                  
l.17 \firstadvisor{Ù†Ø§Ù… Ú©Ø§Ù…Ù„ Ø§Ø³
                                       ØªØ§Ø¯ Ù…Ø´Ø§ÙˆØ±}
You may provide a definition with
\DeclareUnicodeCharacter 


! Package inputenc Error: Unicode character Øª (U+062A)
(inputenc)                not set up for use with LaTeX.

See the inputenc package documentation for explanation.
Type  H <return>  for immediate help.
 ...                                              
                                                  
l.17 \firstadvisor{Ù†Ø§Ù… Ú©Ø§Ù…Ù„ Ø§Ø³Øª
                                         Ø§Ø¯ Ù…Ø´Ø§ÙˆØ±}
You may provide a definition with
\DeclareUnicodeCharacter 


! Package inputenc Error: Unicode character Ø§ (U+0627)
(inputenc)                not set up for use with LaTeX.

See the inputenc package documentation for explanation.
Type  H <return>  for immediate help.
 ...                                              
                                                  
l.17 \firstadvisor{Ù†Ø§Ù… Ú©Ø§Ù…Ù„ Ø§Ø³ØªØ§
                                           Ø¯ Ù…Ø´Ø§ÙˆØ±}
You may provide a definition with
\DeclareUnicodeCharacter 


! Package inputenc Error: Unicode character Ø¯ (U+062F)
(inputenc)                not set up for use with LaTeX.

See the inputenc package documentation for explanation.
Type  H <return>  for immediate help.
 ...                                              
                                                  
l.17 \firstadvisor{Ù†Ø§Ù… Ú©Ø§Ù…Ù„ Ø§Ø³ØªØ§Ø¯
                                              Ù…Ø´Ø§ÙˆØ±}
You may provide a definition with
\DeclareUnicodeCharacter 


! Package inputenc Error: Unicode character Ù… (U+0645)
(inputenc)                not set up for use with LaTeX.

See the inputenc package documentation for explanation.
Type  H <return>  for immediate help.
 ...                                              
                                                  
l.17 \firstadvisor{Ù†Ø§Ù… Ú©Ø§Ù…Ù„ Ø§Ø³ØªØ§Ø¯ Ù…
                                                Ø´Ø§ÙˆØ±}
You may provide a definition with
\DeclareUnicodeCharacter 


! Package inputenc Error: Unicode character Ø´ (U+0634)
(inputenc)                not set up for use with LaTeX.

See the inputenc package documentation for explanation.
Type  H <return>  for immediate help.
 ...                                              
                                                  
l.17 \firstadvisor{Ù†Ø§Ù… Ú©Ø§Ù…Ù„ Ø§Ø³ØªØ§Ø¯ Ù…Ø´
                                                  Ø§ÙˆØ±}
You may provide a definition with
\DeclareUnicodeCharacter 


! Package inputenc Error: Unicode character Ø§ (U+0627)
(inputenc)                not set up for use with LaTeX.

See the inputenc package documentation for explanation.
Type  H <return>  for immediate help.
 ...                                              
                                                  
l.17 ...tadvisor{Ù†Ø§Ù… Ú©Ø§Ù…Ù„ Ø§Ø³ØªØ§Ø¯ Ù…Ø´Ø§
                                                  ÙˆØ±}
You may provide a definition with
\DeclareUnicodeCharacter 


! Package inputenc Error: Unicode character Ùˆ (U+0648)
(inputenc)                not set up for use with LaTeX.

See the inputenc package documentation for explanation.
Type  H <return>  for immediate help.
 ...                                              
                                                  
l.17 ...dvisor{Ù†Ø§Ù… Ú©Ø§Ù…Ù„ Ø§Ø³ØªØ§Ø¯ Ù…Ø´Ø§Ùˆ
                                                  Ø±}
You may provide a definition with
\DeclareUnicodeCharacter 


! Package inputenc Error: Unicode character Ø± (U+0631)
(inputenc)                not set up for use with LaTeX.

See the inputenc package documentation for explanation.
Type  H <return>  for immediate help.
 ...                                              
                                                  
l.17 ...isor{Ù†Ø§Ù… Ú©Ø§Ù…Ù„ Ø§Ø³ØªØ§Ø¯ Ù…Ø´Ø§ÙˆØ±
                                                  }
You may provide a definition with
\DeclareUnicodeCharacter 

! Undefined control sequence.
l.20 \name
          {Ø³Ø§Ø±Ù‡}
The control sequence at the end of the top line
of your error message was never \def'ed. If you have
misspelled it (e.g., `\hobx'), type `I' and the correct
spelling (e.g., `I\hbox'). Otherwise just continue,
and I'll forget about whatever was undefined.


! Package inputenc Error: Unicode character Ø³ (U+0633)
(inputenc)                not set up for use with LaTeX.

See the inputenc package documentation for explanation.
Type  H <return>  for immediate help.
 ...                                              
                                                  
l.20 \name{Ø³
             Ø§Ø±Ù‡}
You may provide a definition with
\DeclareUnicodeCharacter 


! Package inputenc Error: Unicode character Ø§ (U+0627)
(inputenc)                not set up for use with LaTeX.

See the inputenc package documentation for explanation.
Type  H <return>  for immediate help.
 ...                                              
                                                  
l.20 \name{Ø³Ø§
               Ø±Ù‡}
You may provide a definition with
\DeclareUnicodeCharacter 


! Package inputenc Error: Unicode character Ø± (U+0631)
(inputenc)                not set up for use with LaTeX.

See the inputenc package documentation for explanation.
Type  H <return>  for immediate help.
 ...                                              
                                                  
l.20 \name{Ø³Ø§Ø±
                 Ù‡}
You may provide a definition with
\DeclareUnicodeCharacter 


! Package inputenc Error: Unicode character Ù‡ (U+0647)
(inputenc)                not set up for use with LaTeX.

See the inputenc package documentation for explanation.
Type  H <return>  for immediate help.
 ...                                              
                                                  
l.20 \name{Ø³Ø§Ø±Ù‡
                   }
You may provide a definition with
\DeclareUnicodeCharacter 

! Undefined control sequence.
l.22 \surname
             {Ø³Ù„Ø·Ø§Ù†ÛŒ Ù†Ú˜Ø§Ø¯}
The control sequence at the end of the top line
of your error message was never \def'ed. If you have
misspelled it (e.g., `\hobx'), type `I' and the correct
spelling (e.g., `I\hbox'). Otherwise just continue,
and I'll forget about whatever was undefined.


! Package inputenc Error: Unicode character Ø³ (U+0633)
(inputenc)                not set up for use with LaTeX.

See the inputenc package documentation for explanation.
Type  H <return>  for immediate help.
 ...                                              
                                                  
l.22 \surname{Ø³
                Ù„Ø·Ø§Ù†ÛŒ Ù†Ú˜Ø§Ø¯}
You may provide a definition with
\DeclareUnicodeCharacter 


! Package inputenc Error: Unicode character Ù„ (U+0644)
(inputenc)                not set up for use with LaTeX.

See the inputenc package documentation for explanation.
Type  H <return>  for immediate help.
 ...                                              
                                                  
l.22 \surname{Ø³Ù„
                  Ø·Ø§Ù†ÛŒ Ù†Ú˜Ø§Ø¯}
You may provide a definition with
\DeclareUnicodeCharacter 


! Package inputenc Error: Unicode character Ø· (U+0637)
(inputenc)                not set up for use with LaTeX.

See the inputenc package documentation for explanation.
Type  H <return>  for immediate help.
 ...                                              
                                                  
l.22 \surname{Ø³Ù„Ø·
                    Ø§Ù†ÛŒ Ù†Ú˜Ø§Ø¯}
You may provide a definition with
\DeclareUnicodeCharacter 


! Package inputenc Error: Unicode character Ø§ (U+0627)
(inputenc)                not set up for use with LaTeX.

See the inputenc package documentation for explanation.
Type  H <return>  for immediate help.
 ...                                              
                                                  
l.22 \surname{Ø³Ù„Ø·Ø§
                      Ù†ÛŒ Ù†Ú˜Ø§Ø¯}
You may provide a definition with
\DeclareUnicodeCharacter 


! Package inputenc Error: Unicode character Ù† (U+0646)
(inputenc)                not set up for use with LaTeX.

See the inputenc package documentation for explanation.
Type  H <return>  for immediate help.
 ...                                              
                                                  
l.22 \surname{Ø³Ù„Ø·Ø§Ù†
                        ÛŒ Ù†Ú˜Ø§Ø¯}
(That makes 100 errors; please try again.) 
Here is how much of TeX's memory you used:
 27 strings out of 492946
 489 string characters out of 3126710
 57144 words of memory out of 3000000
 4023 multiletter control sequences out of 15000+200000
 3640 words of font info for 14 fonts, out of 3000000 for 9000
 1141 hyphenation exceptions out of 8191
 10i,0n,10p,237b,30s stack positions out of 5000i,500n,10000p,200000b,50000s

!  ==> Fatal error occurred, no output PDF file produced!
